Start testing: Aug 18 17:34 CST
----------------------------------------------------------
1/1 Testing: snappy_unittest
1/1 Test: snappy_unittest
Command: "/Users/kevintung/Documents/dev/TTZip/Vendor/worktrees/snappy/fix-darwin-universal-binary/build_debug/snappy_unittest"
Directory: /Users/kevintung/Documents/dev/TTZip/Vendor/worktrees/snappy/fix-darwin-universal-binary
"snappy_unittest" start time: Aug 18 17:34 CST
Output:
----------------------------------------------------------
Running main() from gmock_main.cc
[==========] Running 24 tests from 3 test suites.
[----------] Global test environment set-up.
[----------] 1 test from CorruptedTest
[ RUN      ] CorruptedTest.VerifyCorrupted
Crazy decompression lengths not checked on 64-bit build
[       OK ] CorruptedTest.VerifyCorrupted (7 ms)
[----------] 1 test from CorruptedTest (7 ms total)

[----------] 20 tests from Snappy
[ RUN      ] Snappy.SimpleTests
[       OK ] Snappy.SimpleTests (4 ms)
[ RUN      ] Snappy.AppendSelfPatternExtensionEdgeCases
[       OK ] Snappy.AppendSelfPatternExtensionEdgeCases (0 ms)
[ RUN      ] Snappy.AppendSelfPatternExtensionEdgeCasesExhaustive
[       OK ] Snappy.AppendSelfPatternExtensionEdgeCasesExhaustive (455 ms)
[ RUN      ] Snappy.MaxBlowup
[       OK ] Snappy.MaxBlowup (3 ms)
[ DISABLED ] Snappy.DISABLED_MoreThan4GB
[ RUN      ] Snappy.RandomData
[       OK ] Snappy.RandomData (4300 ms)
[ RUN      ] Snappy.CompressionContext
[       OK ] Snappy.CompressionContext (77 ms)
[ RUN      ] Snappy.CompressionContextStaticWorkspace
[       OK ] Snappy.CompressionContextStaticWorkspace (2 ms)
[ RUN      ] Snappy.FourByteOffset
[       OK ] Snappy.FourByteOffset (0 ms)
[ RUN      ] Snappy.IOVecSourceEdgeCases
[       OK ] Snappy.IOVecSourceEdgeCases (0 ms)
[ RUN      ] Snappy.IOVecSinkEdgeCases
[       OK ] Snappy.IOVecSinkEdgeCases (0 ms)
[ RUN      ] Snappy.IOVecLiteralOverflow
[       OK ] Snappy.IOVecLiteralOverflow (0 ms)
[ RUN      ] Snappy.IOVecCopyOverflow
[       OK ] Snappy.IOVecCopyOverflow (0 ms)
[ RUN      ] Snappy.ReadPastEndOfBuffer
[       OK ] Snappy.ReadPastEndOfBuffer (0 ms)
[ RUN      ] Snappy.ZeroOffsetCopy
[       OK ] Snappy.ZeroOffsetCopy (0 ms)
[ RUN      ] Snappy.ZeroOffsetCopyValidation
[       OK ] Snappy.ZeroOffsetCopyValidation (0 ms)
[ RUN      ] Snappy.LiteralLengthU32Overflow
[       OK ] Snappy.LiteralLengthU32Overflow (0 ms)
[ RUN      ] Snappy.FindMatchLength
[       OK ] Snappy.FindMatchLength (0 ms)
[ RUN      ] Snappy.FindMatchLengthRandom
[       OK ] Snappy.FindMatchLengthRandom (57 ms)
[ RUN      ] Snappy.VerifyCharTable
[       OK ] Snappy.VerifyCharTable (0 ms)
[ RUN      ] Snappy.TestBenchmarkFiles
[       OK ] Snappy.TestBenchmarkFiles (143 ms)
[----------] 20 tests from Snappy (5045 ms total)

[----------] 3 tests from SnappyCorruption
[ RUN      ] SnappyCorruption.TruncatedVarint
[       OK ] SnappyCorruption.TruncatedVarint (0 ms)
[ RUN      ] SnappyCorruption.UnterminatedVarint
[       OK ] SnappyCorruption.UnterminatedVarint (0 ms)
[ RUN      ] SnappyCorruption.OverflowingVarint
[       OK ] SnappyCorruption.OverflowingVarint (0 ms)
[----------] 3 tests from SnappyCorruption (0 ms total)

[----------] Global test environment tear-down
[==========] 24 tests from 3 test suites ran. (5052 ms total)
[  PASSED  ] 24 tests.

  YOU HAVE 1 DISABLED TEST

<end of output>
Test time =   6.02 sec
----------------------------------------------------------
Test Passed.
"snappy_unittest" end time: Aug 18 17:34 CST
"snappy_unittest" time elapsed: 00:00:06
----------------------------------------------------------

End testing: Aug 18 17:34 CST
