Start testing: Aug 23 07:42 CST
----------------------------------------------------------
1/20 Testing: test_bcj_exact_size
1/20 Test: test_bcj_exact_size
Command: "/Users/kevintung/Documents/dev/TTZip/Vendor/worktrees/xz/pr2-arm64-crc64/build-test/test_bcj_exact_size"
Directory: /Users/kevintung/Documents/dev/TTZip/Vendor/worktrees/xz/pr2-arm64-crc64/build-test
"test_bcj_exact_size" start time: Aug 23 07:42 CST
Output:
----------------------------------------------------------
=== test_bcj_exact_size.c ===
PASS: test_exact_size
PASS: test_empty_block
---
# TOTAL: 2
# PASS:  2
# SKIP:  0
# FAIL:  0
# ERROR: 0
=== END ===
<end of output>
Test time =   0.67 sec
----------------------------------------------------------
Test Passed.
"test_bcj_exact_size" end time: Aug 23 07:42 CST
"test_bcj_exact_size" time elapsed: 00:00:00
----------------------------------------------------------

2/20 Testing: test_block_header
2/20 Test: test_block_header
Command: "/Users/kevintung/Documents/dev/TTZip/Vendor/worktrees/xz/pr2-arm64-crc64/build-test/test_block_header"
Directory: /Users/kevintung/Documents/dev/TTZip/Vendor/worktrees/xz/pr2-arm64-crc64/build-test
"test_block_header" start time: Aug 23 07:42 CST
Output:
----------------------------------------------------------
=== test_block_header.c ===
PASS: test_lzma_block_header_size
PASS: test_lzma_block_header_encode
PASS: test_lzma_block_header_decode
---
# TOTAL: 3
# PASS:  3
# SKIP:  0
# FAIL:  0
# ERROR: 0
=== END ===
<end of output>
Test time =   0.45 sec
----------------------------------------------------------
Test Passed.
"test_block_header" end time: Aug 23 07:42 CST
"test_block_header" time elapsed: 00:00:00
----------------------------------------------------------

3/20 Testing: test_check
3/20 Test: test_check
Command: "/Users/kevintung/Documents/dev/TTZip/Vendor/worktrees/xz/pr2-arm64-crc64/build-test/test_check"
Directory: /Users/kevintung/Documents/dev/TTZip/Vendor/worktrees/xz/pr2-arm64-crc64/build-test
"test_check" start time: Aug 23 07:42 CST
Output:
----------------------------------------------------------
=== test_check.c ===
PASS: test_lzma_crc32
PASS: test_lzma_crc64
PASS: test_lzma_supported_checks
PASS: test_lzma_check_size
PASS: test_lzma_get_check_st
PASS: test_lzma_get_check_mt
---
# TOTAL: 6
# PASS:  6
# SKIP:  0
# FAIL:  0
# ERROR: 0
=== END ===
<end of output>
Test time =   0.39 sec
----------------------------------------------------------
Test Passed.
"test_check" end time: Aug 23 07:42 CST
"test_check" time elapsed: 00:00:00
----------------------------------------------------------

4/20 Testing: test_filter_flags
4/20 Test: test_filter_flags
Command: "/Users/kevintung/Documents/dev/TTZip/Vendor/worktrees/xz/pr2-arm64-crc64/build-test/test_filter_flags"
Directory: /Users/kevintung/Documents/dev/TTZip/Vendor/worktrees/xz/pr2-arm64-crc64/build-test
"test_filter_flags" start time: Aug 23 07:42 CST
Output:
----------------------------------------------------------
=== test_filter_flags.c ===
PASS: test_lzma_filter_flags_size
PASS: test_lzma_filter_flags_encode
PASS: test_lzma_filter_flags_decode
---
# TOTAL: 3
# PASS:  3
# SKIP:  0
# FAIL:  0
# ERROR: 0
=== END ===
<end of output>
Test time =   0.39 sec
----------------------------------------------------------
Test Passed.
"test_filter_flags" end time: Aug 23 07:42 CST
"test_filter_flags" time elapsed: 00:00:00
----------------------------------------------------------

5/20 Testing: test_filter_str
5/20 Test: test_filter_str
Command: "/Users/kevintung/Documents/dev/TTZip/Vendor/worktrees/xz/pr2-arm64-crc64/build-test/test_filter_str"
Directory: /Users/kevintung/Documents/dev/TTZip/Vendor/worktrees/xz/pr2-arm64-crc64/build-test
"test_filter_str" start time: Aug 23 07:42 CST
Output:
----------------------------------------------------------
=== test_filter_str.c ===
PASS: test_lzma_str_to_filters
PASS: test_lzma_str_from_filters
PASS: test_lzma_str_list_filters
---
# TOTAL: 3
# PASS:  3
# SKIP:  0
# FAIL:  0
# ERROR: 0
=== END ===
<end of output>
Test time =   0.38 sec
----------------------------------------------------------
Test Passed.
"test_filter_str" end time: Aug 23 07:42 CST
"test_filter_str" time elapsed: 00:00:00
----------------------------------------------------------

6/20 Testing: test_hardware
6/20 Test: test_hardware
Command: "/Users/kevintung/Documents/dev/TTZip/Vendor/worktrees/xz/pr2-arm64-crc64/build-test/test_hardware"
Directory: /Users/kevintung/Documents/dev/TTZip/Vendor/worktrees/xz/pr2-arm64-crc64/build-test
"test_hardware" start time: Aug 23 07:42 CST
Output:
----------------------------------------------------------
=== test_hardware.c ===
PASS: test_lzma_physmem
PASS: test_lzma_cputhreads
---
# TOTAL: 2
# PASS:  2
# SKIP:  0
# FAIL:  0
# ERROR: 0
=== END ===
<end of output>
Test time =   0.44 sec
----------------------------------------------------------
Test Passed.
"test_hardware" end time: Aug 23 07:42 CST
"test_hardware" time elapsed: 00:00:00
----------------------------------------------------------

7/20 Testing: test_index
7/20 Test: test_index
Command: "/Users/kevintung/Documents/dev/TTZip/Vendor/worktrees/xz/pr2-arm64-crc64/build-test/test_index"
Directory: /Users/kevintung/Documents/dev/TTZip/Vendor/worktrees/xz/pr2-arm64-crc64/build-test
"test_index" start time: Aug 23 07:42 CST
Output:
----------------------------------------------------------
=== test_index.c ===
PASS: test_lzma_index_memusage
PASS: test_lzma_index_memused
PASS: test_lzma_index_append
PASS: test_lzma_index_stream_flags
PASS: test_lzma_index_checks
PASS: test_lzma_index_stream_padding
PASS: test_lzma_index_stream_count
PASS: test_lzma_index_block_count
PASS: test_lzma_index_size
PASS: test_lzma_index_stream_size
PASS: test_lzma_index_total_size
PASS: test_lzma_index_file_size
PASS: test_lzma_index_uncompressed_size
PASS: test_lzma_index_iter_init
PASS: test_lzma_index_iter_rewind
PASS: test_lzma_index_iter_next
PASS: test_lzma_index_iter_locate
PASS: test_lzma_index_cat
PASS: test_lzma_index_dup
PASS: test_lzma_index_encoder
PASS: test_lzma_index_decoder
PASS: test_lzma_index_decoder_memusage
PASS: test_lzma_index_buffer_encode
PASS: test_lzma_index_buffer_decode
PASS: test_decode_empty_and_append
PASS: test_huge_number_of_records
---
# TOTAL: 26
# PASS:  26
# SKIP:  0
# FAIL:  0
# ERROR: 0
=== END ===
<end of output>
Test time =   0.39 sec
----------------------------------------------------------
Test Passed.
"test_index" end time: Aug 23 07:42 CST
"test_index" time elapsed: 00:00:00
----------------------------------------------------------

8/20 Testing: test_index_hash
8/20 Test: test_index_hash
Command: "/Users/kevintung/Documents/dev/TTZip/Vendor/worktrees/xz/pr2-arm64-crc64/build-test/test_index_hash"
Directory: /Users/kevintung/Documents/dev/TTZip/Vendor/worktrees/xz/pr2-arm64-crc64/build-test
"test_index_hash" start time: Aug 23 07:42 CST
Output:
----------------------------------------------------------
=== test_index_hash.c ===
PASS: test_lzma_index_hash_init
PASS: test_lzma_index_hash_append
PASS: test_lzma_index_hash_decode
PASS: test_lzma_index_hash_size
---
# TOTAL: 4
# PASS:  4
# SKIP:  0
# FAIL:  0
# ERROR: 0
=== END ===
<end of output>
Test time =   0.40 sec
----------------------------------------------------------
Test Passed.
"test_index_hash" end time: Aug 23 07:42 CST
"test_index_hash" time elapsed: 00:00:00
----------------------------------------------------------

9/20 Testing: test_lzip_decoder
9/20 Test: test_lzip_decoder
Command: "/Users/kevintung/Documents/dev/TTZip/Vendor/worktrees/xz/pr2-arm64-crc64/build-test/test_lzip_decoder"
Directory: /Users/kevintung/Documents/dev/TTZip/Vendor/worktrees/xz/pr2-arm64-crc64/build-test
"test_lzip_decoder" start time: Aug 23 07:42 CST
Output:
----------------------------------------------------------
=== test_lzip_decoder.c ===
PASS: test_options
PASS: test_v0_decode
PASS: test_v1_decode
PASS: test_v0_trailing
PASS: test_v1_trailing
PASS: test_concatenated
PASS: test_crc
PASS: test_invalid_magic_bytes
PASS: test_invalid_version
PASS: test_invalid_dictionary_size
PASS: test_invalid_uncomp_size
PASS: test_invalid_member_size
PASS: test_invalid_memlimit
---
# TOTAL: 13
# PASS:  13
# SKIP:  0
# FAIL:  0
# ERROR: 0
=== END ===
<end of output>
Test time =   0.41 sec
----------------------------------------------------------
Test Passed.
"test_lzip_decoder" end time: Aug 23 07:42 CST
"test_lzip_decoder" time elapsed: 00:00:00
----------------------------------------------------------

10/20 Testing: test_memlimit
10/20 Test: test_memlimit
Command: "/Users/kevintung/Documents/dev/TTZip/Vendor/worktrees/xz/pr2-arm64-crc64/build-test/test_memlimit"
Directory: /Users/kevintung/Documents/dev/TTZip/Vendor/worktrees/xz/pr2-arm64-crc64/build-test
"test_memlimit" start time: Aug 23 07:42 CST
Output:
----------------------------------------------------------
=== test_memlimit.c ===
PASS: test_memlimit_stream_decoder
PASS: test_memlimit_stream_decoder_mt
PASS: test_memlimit_alone_decoder
PASS: test_memlimit_auto_decoder
---
# TOTAL: 4
# PASS:  4
# SKIP:  0
# FAIL:  0
# ERROR: 0
=== END ===
<end of output>
Test time =   0.40 sec
----------------------------------------------------------
Test Passed.
"test_memlimit" end time: Aug 23 07:42 CST
"test_memlimit" time elapsed: 00:00:00
----------------------------------------------------------

11/20 Testing: test_stream_buffer_decode
11/20 Test: test_stream_buffer_decode
Command: "/Users/kevintung/Documents/dev/TTZip/Vendor/worktrees/xz/pr2-arm64-crc64/build-test/test_stream_buffer_decode"
Directory: /Users/kevintung/Documents/dev/TTZip/Vendor/worktrees/xz/pr2-arm64-crc64/build-test
"test_stream_buffer_decode" start time: Aug 23 07:42 CST
Output:
----------------------------------------------------------
=== test_stream_buffer_decode.c ===
PASS: test_success
PASS: test_data_error
PASS: test_buf_error
---
# TOTAL: 3
# PASS:  3
# SKIP:  0
# FAIL:  0
# ERROR: 0
=== END ===
<end of output>
Test time =   0.38 sec
----------------------------------------------------------
Test Passed.
"test_stream_buffer_decode" end time: Aug 23 07:42 CST
"test_stream_buffer_decode" time elapsed: 00:00:00
----------------------------------------------------------

12/20 Testing: test_stream_flags
12/20 Test: test_stream_flags
Command: "/Users/kevintung/Documents/dev/TTZip/Vendor/worktrees/xz/pr2-arm64-crc64/build-test/test_stream_flags"
Directory: /Users/kevintung/Documents/dev/TTZip/Vendor/worktrees/xz/pr2-arm64-crc64/build-test
"test_stream_flags" start time: Aug 23 07:42 CST
Output:
----------------------------------------------------------
=== test_stream_flags.c ===
PASS: test_lzma_stream_header_encode
PASS: test_lzma_stream_footer_encode
PASS: test_lzma_stream_header_decode
PASS: test_lzma_stream_footer_decode
PASS: test_lzma_stream_flags_compare
---
# TOTAL: 5
# PASS:  5
# SKIP:  0
# FAIL:  0
# ERROR: 0
=== END ===
<end of output>
Test time =   0.41 sec
----------------------------------------------------------
Test Passed.
"test_stream_flags" end time: Aug 23 07:42 CST
"test_stream_flags" time elapsed: 00:00:00
----------------------------------------------------------

13/20 Testing: test_vli
13/20 Test: test_vli
Command: "/Users/kevintung/Documents/dev/TTZip/Vendor/worktrees/xz/pr2-arm64-crc64/build-test/test_vli"
Directory: /Users/kevintung/Documents/dev/TTZip/Vendor/worktrees/xz/pr2-arm64-crc64/build-test
"test_vli" start time: Aug 23 07:42 CST
Output:
----------------------------------------------------------
=== test_vli.c ===
PASS: test_lzma_vli_size
PASS: test_lzma_vli_encode
PASS: test_lzma_vli_decode
---
# TOTAL: 3
# PASS:  3
# SKIP:  0
# FAIL:  0
# ERROR: 0
=== END ===
<end of output>
Test time =   0.39 sec
----------------------------------------------------------
Test Passed.
"test_vli" end time: Aug 23 07:42 CST
"test_vli" time elapsed: 00:00:00
----------------------------------------------------------

14/20 Testing: test_microlzma
14/20 Test: test_microlzma
Command: "/Users/kevintung/Documents/dev/TTZip/Vendor/worktrees/xz/pr2-arm64-crc64/build-test/test_microlzma"
Directory: /Users/kevintung/Documents/dev/TTZip/Vendor/worktrees/xz/pr2-arm64-crc64/build-test
"test_microlzma" start time: Aug 23 07:42 CST
Output:
----------------------------------------------------------
=== test_microlzma.c ===
PASS: test_encode_options
PASS: test_encode_basic
PASS: test_encode_small_out
PASS: test_encode_actions
PASS: test_decode_options
PASS: test_decode_uncomp_size_is_exact
PASS: test_decode_uncomp_size_wrong
PASS: test_decode_comp_size_wrong
PASS: test_decode_bad_lzma_properties
---
# TOTAL: 9
# PASS:  9
# SKIP:  0
# FAIL:  0
# ERROR: 0
=== END ===
<end of output>
Test time =   0.47 sec
----------------------------------------------------------
Test Passed.
"test_microlzma" end time: Aug 23 07:42 CST
"test_microlzma" time elapsed: 00:00:00
----------------------------------------------------------

15/20 Testing: test_scripts.sh
15/20 Test: test_scripts.sh
Command: "/Users/kevintung/Documents/dev/TTZip/Vendor/worktrees/xz/pr2-arm64-crc64/tests/test_scripts.sh" ".."
Directory: /Users/kevintung/Documents/dev/TTZip/Vendor/worktrees/xz/pr2-arm64-crc64/build-test/test_scripts
"test_scripts.sh" start time: Aug 23 07:42 CST
Output:
----------------------------------------------------------
<end of output>
Test time =   1.40 sec
----------------------------------------------------------
Test Passed.
"test_scripts.sh" end time: Aug 23 07:42 CST
"test_scripts.sh" time elapsed: 00:00:01
----------------------------------------------------------

16/20 Testing: test_suffix.sh
16/20 Test: test_suffix.sh
Command: "/Users/kevintung/Documents/dev/TTZip/Vendor/worktrees/xz/pr2-arm64-crc64/tests/test_suffix.sh" ".."
Directory: /Users/kevintung/Documents/dev/TTZip/Vendor/worktrees/xz/pr2-arm64-crc64/build-test/test_suffix
"test_suffix.sh" start time: Aug 23 07:42 CST
Output:
----------------------------------------------------------
<end of output>
Test time =   0.05 sec
----------------------------------------------------------
Test Passed.
"test_suffix.sh" end time: Aug 23 07:42 CST
"test_suffix.sh" time elapsed: 00:00:00
----------------------------------------------------------

17/20 Testing: test_compress_generated_abc
17/20 Test: test_compress_generated_abc
Command: "/Users/kevintung/Documents/dev/TTZip/Vendor/worktrees/xz/pr2-arm64-crc64/tests/test_compress.sh" "compress_generated_abc" ".."
Directory: /Users/kevintung/Documents/dev/TTZip/Vendor/worktrees/xz/pr2-arm64-crc64/build-test/test_compress
"test_compress_generated_abc" start time: Aug 23 07:42 CST
Output:
----------------------------------------------------------
<end of output>
Test time =   0.98 sec
----------------------------------------------------------
Test Passed.
"test_compress_generated_abc" end time: Aug 23 07:42 CST
"test_compress_generated_abc" time elapsed: 00:00:00
----------------------------------------------------------

18/20 Testing: test_compress_generated_text
18/20 Test: test_compress_generated_text
Command: "/Users/kevintung/Documents/dev/TTZip/Vendor/worktrees/xz/pr2-arm64-crc64/tests/test_compress.sh" "compress_generated_text" ".."
Directory: /Users/kevintung/Documents/dev/TTZip/Vendor/worktrees/xz/pr2-arm64-crc64/build-test/test_compress
"test_compress_generated_text" start time: Aug 23 07:42 CST
Output:
----------------------------------------------------------
<end of output>
Test time =   0.47 sec
----------------------------------------------------------
Test Passed.
"test_compress_generated_text" end time: Aug 23 07:42 CST
"test_compress_generated_text" time elapsed: 00:00:00
----------------------------------------------------------

19/20 Testing: test_compress_generated_random
19/20 Test: test_compress_generated_random
Command: "/Users/kevintung/Documents/dev/TTZip/Vendor/worktrees/xz/pr2-arm64-crc64/tests/test_compress.sh" "compress_generated_random" ".."
Directory: /Users/kevintung/Documents/dev/TTZip/Vendor/worktrees/xz/pr2-arm64-crc64/build-test/test_compress
"test_compress_generated_random" start time: Aug 23 07:42 CST
Output:
----------------------------------------------------------
<end of output>
Test time =   0.71 sec
----------------------------------------------------------
Test Passed.
"test_compress_generated_random" end time: Aug 23 07:42 CST
"test_compress_generated_random" time elapsed: 00:00:00
----------------------------------------------------------

20/20 Testing: test_files.sh
20/20 Test: test_files.sh
Command: "/Users/kevintung/Documents/dev/TTZip/Vendor/worktrees/xz/pr2-arm64-crc64/tests/test_files.sh" ".."
Directory: /Users/kevintung/Documents/dev/TTZip/Vendor/worktrees/xz/pr2-arm64-crc64/build-test/test_files
"test_files.sh" start time: Aug 23 07:42 CST
Output:
----------------------------------------------------------
<end of output>
Test time =   0.32 sec
----------------------------------------------------------
Test Passed.
"test_files.sh" end time: Aug 23 07:42 CST
"test_files.sh" time elapsed: 00:00:00
----------------------------------------------------------

End testing: Aug 23 07:42 CST
